<?xml version="1.0" encoding="UTF-8"?>
<!-- Generated by org.testng.reporters.JUnitReportReporter -->
<testsuite hostname="DESKTOP-0G0P70K" failures="0" tests="1" name="tests.TestNewEmail" time="13.484" errors="0" timestamp="10 kwi 2019 19:51:21 GMT" skipped="0">
  <testcase classname="tests.TestNewEmail" name="newEmail" time="13.484"/>
</testsuite> <!-- tests.TestNewEmail -->
