<?xml version="1.0" encoding="UTF-8"?>
<!-- Generated by org.testng.reporters.JUnitReportReporter -->
<testsuite hostname="DESKTOP-0G0P70K" failures="0" tests="1" name="tests.TestExistingEmail" time="16.152" errors="0" timestamp="10 kwi 2019 19:51:21 GMT" skipped="0">
  <testcase classname="tests.TestExistingEmail" name="emailExists" time="16.152"/>
</testsuite> <!-- tests.TestExistingEmail -->
